<!DOCTYPE html>

<html>
  <head>
  <meta charset='utf-8'>
  <title>TestNG reports</title>

    <link type="text/css" href="testng-reports.css" rel="stylesheet" />
    <script type="text/javascript" src="jquery-1.7.1.min.js"></script>
    <script type="text/javascript" src="testng-reports.js"></script>
    <script type="text/javascript" src="https://www.google.com/jsapi"></script>
    <script type='text/javascript'>
      google.load('visualization', '1', {packages:['table']});
      google.setOnLoadCallback(drawTable);
      var suiteTableInitFunctions = new Array();
      var suiteTableData = new Array();
    </script>
    <!--
      <script type="text/javascript" src="jquery-ui/js/jquery-ui-1.8.16.custom.min.js"></script>
     -->
  </head>

  <body>
    <div class="top-banner-root">
      <span class="top-banner-title-font">Test results</span>
      <br/>
      <span class="top-banner-font-1">1 suite, 4 failed tests</span>
    </div> <!-- top-banner-root -->
    <div class="navigator-root">
      <div class="navigator-suite-header">
        <span>All suites</span>
        <a href="#" class="collapse-all-link" title="Collapse/expand all the suites">
          <img class="collapse-all-icon" src="collapseall.gif">
          </img> <!-- collapse-all-icon -->
        </a> <!-- collapse-all-link -->
      </div> <!-- navigator-suite-header -->
      <div class="suite">
        <div class="rounded-window">
          <div class="suite-header light-rounded-window-top">
            <a href="#" class="navigator-link" panel-name="suite-FunctionalSuite">
              <span class="suite-name border-failed">FunctionalSuite</span>
            </a> <!-- navigator-link -->
          </div> <!-- suite-header light-rounded-window-top -->
          <div class="navigator-suite-content">
            <div class="suite-section-title">
              <span>Info</span>
            </div> <!-- suite-section-title -->
            <div class="suite-section-content">
              <ul>
                <li>
                  <a href="#" class="navigator-link " panel-name="test-xml-FunctionalSuite">
                    <span>C:\Users\rarav\eclipse-workspace\dotdashcom_Assessment\testng.xml</span>
                  </a> <!-- navigator-link  -->
                </li>
                <li>
                  <a href="#" class="navigator-link " panel-name="testlist-FunctionalSuite">
                    <span class="test-stats">1 test</span>
                  </a> <!-- navigator-link  -->
                </li>
                <li>
                  <a href="#" class="navigator-link " panel-name="group-FunctionalSuite">
                    <span>0 groups</span>
                  </a> <!-- navigator-link  -->
                </li>
                <li>
                  <a href="#" class="navigator-link " panel-name="times-FunctionalSuite">
                    <span>Times</span>
                  </a> <!-- navigator-link  -->
                </li>
                <li>
                  <a href="#" class="navigator-link " panel-name="reporter-FunctionalSuite">
                    <span>Reporter output</span>
                  </a> <!-- navigator-link  -->
                </li>
                <li>
                  <a href="#" class="navigator-link " panel-name="ignored-methods-FunctionalSuite">
                    <span>Ignored methods</span>
                  </a> <!-- navigator-link  -->
                </li>
                <li>
                  <a href="#" class="navigator-link " panel-name="chronological-FunctionalSuite">
                    <span>Chronological view</span>
                  </a> <!-- navigator-link  -->
                </li>
              </ul>
            </div> <!-- suite-section-content -->
            <div class="result-section">
              <div class="suite-section-title">
                <span>Results</span>
              </div> <!-- suite-section-title -->
              <div class="suite-section-content">
                <ul>
                  <li>
                    <span class="method-stats">18 methods, 4 failed,   14 passed</span>
                  </li>
                  <li>
                    <span class="method-list-title failed">Failed methods</span>
                    <span class="show-or-hide-methods failed">
                      <a href="#" panel-name="suite-FunctionalSuite" class="hide-methods failed suite-FunctionalSuite"> (hide)</a> <!-- hide-methods failed suite-FunctionalSuite -->
                      <a href="#" panel-name="suite-FunctionalSuite" class="show-methods failed suite-FunctionalSuite"> (show)</a> <!-- show-methods failed suite-FunctionalSuite -->
                    </span>
                    <div class="method-list-content failed suite-FunctionalSuite">
                      <span>
                        <img width="3%" src="failed.png"/>
                        <a href="#" class="method navigator-link" panel-name="suite-FunctionalSuite" title="testCases.Tc007_DynamicContentTest" hash-for-method="DynamicContentTest1">DynamicContentTest1</a> <!-- method navigator-link -->
                      </span>
                      <br/>
                      <span>
                        <img width="3%" src="failed.png"/>
                        <a href="#" class="method navigator-link" panel-name="suite-FunctionalSuite" title="testCases.Tc009_DynamicLoadTest" hash-for-method="DynamicLoadTest">DynamicLoadTest</a> <!-- method navigator-link -->
                      </span>
                      <br/>
                      <span>
                        <img width="3%" src="failed.png"/>
                        <a href="#" class="method navigator-link" panel-name="suite-FunctionalSuite" title="testCases.Tc016_JavaSriptErrorTest" hash-for-method="JavaSriptErrorTest">JavaSriptErrorTest</a> <!-- method navigator-link -->
                      </span>
                      <br/>
                      <span>
                        <img width="3%" src="failed.png"/>
                        <a href="#" class="method navigator-link" panel-name="suite-FunctionalSuite" title="testCases.Tc004_contextMenu" hash-for-method="contextMenu">contextMenu</a> <!-- method navigator-link -->
                      </span>
                      <br/>
                    </div> <!-- method-list-content failed suite-FunctionalSuite -->
                  </li>
                  <li>
                    <span class="method-list-title passed">Passed methods</span>
                    <span class="show-or-hide-methods passed">
                      <a href="#" panel-name="suite-FunctionalSuite" class="hide-methods passed suite-FunctionalSuite"> (hide)</a> <!-- hide-methods passed suite-FunctionalSuite -->
                      <a href="#" panel-name="suite-FunctionalSuite" class="show-methods passed suite-FunctionalSuite"> (show)</a> <!-- show-methods passed suite-FunctionalSuite -->
                    </span>
                    <div class="method-list-content passed suite-FunctionalSuite">
                      <span>
                        <img width="3%" src="passed.png"/>
                        <a href="#" class="method navigator-link" panel-name="suite-FunctionalSuite" title="testCases.Tc006_DropDownTest" hash-for-method="DropDownTest">DropDownTest</a> <!-- method navigator-link -->
                      </span>
                      <br/>
                      <span>
                        <img width="3%" src="passed.png"/>
                        <a href="#" class="method navigator-link" panel-name="suite-FunctionalSuite" title="testCases.Tc008_DynamicControlTest" hash-for-method="DynamicControlRemoveAdd">DynamicControlRemoveAdd</a> <!-- method navigator-link -->
                      </span>
                      <br/>
                      <span>
                        <img width="3%" src="passed.png"/>
                        <a href="#" class="method navigator-link" panel-name="suite-FunctionalSuite" title="testCases.Tc010_FileDownloaderTest" hash-for-method="FileDownloaderTest">FileDownloaderTest</a> <!-- method navigator-link -->
                      </span>
                      <br/>
                      <span>
                        <img width="3%" src="passed.png"/>
                        <a href="#" class="method navigator-link" panel-name="suite-FunctionalSuite" title="testCases.Tc011_FileUploadTest" hash-for-method="FileUploadTest">FileUploadTest</a> <!-- method navigator-link -->
                      </span>
                      <br/>
                      <span>
                        <img width="3%" src="passed.png"/>
                        <a href="#" class="method navigator-link" panel-name="suite-FunctionalSuite" title="testCases.Tc012_FloatingMenuTest" hash-for-method="FloatingMenuTest">FloatingMenuTest</a> <!-- method navigator-link -->
                      </span>
                      <br/>
                      <span>
                        <img width="3%" src="passed.png"/>
                        <a href="#" class="method navigator-link" panel-name="suite-FunctionalSuite" title="testCases.Tc015_JavaScriptAlertsTest" hash-for-method="JavaScriptAlertsTest">JavaScriptAlertsTest</a> <!-- method navigator-link -->
                      </span>
                      <br/>
                      <span>
                        <img width="3%" src="passed.png"/>
                        <a href="#" class="method navigator-link" panel-name="suite-FunctionalSuite" title="testCases.Tc002_LoginFailure" hash-for-method="LoginFailure">LoginFailure</a> <!-- method navigator-link -->
                      </span>
                      <br/>
                      <span>
                        <img width="3%" src="passed.png"/>
                        <a href="#" class="method navigator-link" panel-name="suite-FunctionalSuite" title="testCases.Tc001_LoginSuccess" hash-for-method="LoginSuccess">LoginSuccess</a> <!-- method navigator-link -->
                      </span>
                      <br/>
                      <span>
                        <img width="3%" src="passed.png"/>
                        <a href="#" class="method navigator-link" panel-name="suite-FunctionalSuite" title="testCases.Tc014_MouseHoverTest" hash-for-method="MouseHoverTest">MouseHoverTest</a> <!-- method navigator-link -->
                      </span>
                      <br/>
                      <span>
                        <img width="3%" src="passed.png"/>
                        <a href="#" class="method navigator-link" panel-name="suite-FunctionalSuite" title="testCases.Tc018_NotificationMessageTest" hash-for-method="NotificationMessageTest">NotificationMessageTest</a> <!-- method navigator-link -->
                      </span>
                      <br/>
                      <span>
                        <img width="3%" src="passed.png"/>
                        <a href="#" class="method navigator-link" panel-name="suite-FunctionalSuite" title="testCases.Tc003_Checkboxes" hash-for-method="checkbox">checkbox</a> <!-- method navigator-link -->
                      </span>
                      <br/>
                      <span>
                        <img width="3%" src="passed.png"/>
                        <a href="#" class="method navigator-link" panel-name="suite-FunctionalSuite" title="testCases.Tc005_dragDropTest" hash-for-method="dragDropTest">dragDropTest</a> <!-- method navigator-link -->
                      </span>
                      <br/>
                      <span>
                        <img width="3%" src="passed.png"/>
                        <a href="#" class="method navigator-link" panel-name="suite-FunctionalSuite" title="testCases.Tc013_iframeTest" hash-for-method="iframeTest">iframeTest</a> <!-- method navigator-link -->
                      </span>
                      <br/>
                      <span>
                        <img width="3%" src="passed.png"/>
                        <a href="#" class="method navigator-link" panel-name="suite-FunctionalSuite" title="testCases.Tc017_windowsTest" hash-for-method="windowsTest">windowsTest</a> <!-- method navigator-link -->
                      </span>
                      <br/>
                    </div> <!-- method-list-content passed suite-FunctionalSuite -->
                  </li>
                </ul>
              </div> <!-- suite-section-content -->
            </div> <!-- result-section -->
          </div> <!-- navigator-suite-content -->
        </div> <!-- rounded-window -->
      </div> <!-- suite -->
    </div> <!-- navigator-root -->
    <div class="wrapper">
      <div class="main-panel-root">
        <div panel-name="suite-FunctionalSuite" class="panel FunctionalSuite">
          <div class="suite-FunctionalSuite-class-failed">
            <div class="main-panel-header rounded-window-top">
              <img src="failed.png"/>
              <span class="class-name">testCases.Tc007_DynamicContentTest</span>
            </div> <!-- main-panel-header rounded-window-top -->
            <div class="main-panel-content rounded-window-bottom">
              <div class="method">
                <div class="method-content">
                  <a name="DynamicContentTest1">
                  </a> <!-- DynamicContentTest1 -->
                  <span class="method-name">DynamicContentTest1</span>
                  <div class="stack-trace">java.lang.AssertionError: Content matches before and after refresh expected [false] but found [true]
	at testCases.Tc007_DynamicContentTest.DynamicContentTest1(Tc007_DynamicContentTest.java:41)
... Removed 32 stack frames
</div> <!-- stack-trace -->
                </div> <!-- method-content -->
              </div> <!-- method -->
            </div> <!-- main-panel-content rounded-window-bottom -->
          </div> <!-- suite-FunctionalSuite-class-failed -->
          <div class="suite-FunctionalSuite-class-failed">
            <div class="main-panel-header rounded-window-top">
              <img src="failed.png"/>
              <span class="class-name">testCases.Tc016_JavaSriptErrorTest</span>
            </div> <!-- main-panel-header rounded-window-top -->
            <div class="main-panel-content rounded-window-bottom">
              <div class="method">
                <div class="method-content">
                  <a name="JavaSriptErrorTest">
                  </a> <!-- JavaSriptErrorTest -->
                  <span class="method-name">JavaSriptErrorTest</span>
                  <div class="stack-trace">java.lang.AssertionError: expected [Cannot read property &apos;xyz&apos; of undefined.] but found [This page has a JavaScript error in the onload event. This is often a problem to using normal Javascript injection techniques.]
	at testCases.Tc016_JavaSriptErrorTest.JavaSriptErrorTest(Tc016_JavaSriptErrorTest.java:30)
... Removed 35 stack frames
</div> <!-- stack-trace -->
                </div> <!-- method-content -->
              </div> <!-- method -->
            </div> <!-- main-panel-content rounded-window-bottom -->
          </div> <!-- suite-FunctionalSuite-class-failed -->
          <div class="suite-FunctionalSuite-class-failed">
            <div class="main-panel-header rounded-window-top">
              <img src="failed.png"/>
              <span class="class-name">testCases.Tc009_DynamicLoadTest</span>
            </div> <!-- main-panel-header rounded-window-top -->
            <div class="main-panel-content rounded-window-bottom">
              <div class="method">
                <div class="method-content">
                  <a name="DynamicLoadTest">
                  </a> <!-- DynamicLoadTest -->
                  <span class="method-name">DynamicLoadTest</span>
                  <div class="stack-trace">org.openqa.selenium.TimeoutException: Expected condition failed: waiting for visibility of Proxy element for: DefaultElementLocator &apos;By.xpath: //div[@id=&apos;finish&apos;]&apos; (tried for 30 second(s) with 500 milliseconds interval)
	at org.openqa.selenium.support.ui.WebDriverWait.timeoutException(WebDriverWait.java:95)
	at org.openqa.selenium.support.ui.FluentWait.until(FluentWait.java:272)
	at baseClass.baseutils.waitForElement(baseutils.java:159)
	at pageObjects.DynamicLoadPage.dynamicLoad(DynamicLoadPage.java:34)
	at testCases.Tc009_DynamicLoadTest.DynamicLoadTest(Tc009_DynamicLoadTest.java:30)
Caused by: org.openqa.selenium.NoSuchElementException: no such element: Unable to locate element: {&quot;method&quot;:&quot;xpath&quot;,&quot;selector&quot;:&quot;//div[@id=&apos;finish&apos;]&quot;}
  (Session info: chrome=110.0.5481.104)
For documentation on this error, please visit: https://www.seleniumhq.org/exceptions/no_such_element.html
Build info: version: &apos;3.141.59&apos;, revision: &apos;e82be7d358&apos;, time: &apos;2018-11-14T08:17:03&apos;
System info: host: &apos;DESKTOP-Q3OL5F5&apos;, ip: &apos;192.168.2.19&apos;, os.name: &apos;Windows 11&apos;, os.arch: &apos;x86&apos;, os.version: &apos;10.0&apos;, java.version: &apos;1.8.0_341&apos;
Driver info: org.openqa.selenium.chrome.ChromeDriver
Capabilities {acceptInsecureCerts: false, browserName: chrome, browserVersion: 110.0.5481.104, chrome: {chromedriverVersion: 110.0.5481.77 (65ed616c6e8e..., userDataDir: C:\Users\rarav\AppData\Loca...}, goog:chromeOptions: {debuggerAddress: localhost:62337}, javascriptEnabled: true, networkConnectionEnabled: false, pageLoadStrategy: normal, platform: WINDOWS, platformName: WINDOWS, proxy: Proxy(), setWindowRect: true, strictFileInteractability: false, timeouts: {implicit: 0, pageLoad: 300000, script: 30000}, unhandledPromptBehavior: dismiss and notify, webauthn:extension:credBlob: true, webauthn:extension:largeBlob: true, webauthn:virtualAuthenticators: true}
Session ID: 7571dcf8f5e905ba717ace1e62eabdb0
*** Element info: {Using=xpath, value=//div[@id=&apos;finish&apos;]}
	at org.openqa.selenium.remote.http.W3CHttpResponseCodec.createException(W3CHttpResponseCodec.java:187)
	at org.openqa.selenium.remote.http.W3CHttpResponseCodec.decode(W3CHttpResponseCodec.java:122)
	at org.openqa.selenium.remote.http.W3CHttpResponseCodec.decode(W3CHttpResponseCodec.java:49)
	at org.openqa.selenium.remote.HttpCommandExecutor.execute(HttpCommandExecutor.java:158)
	at org.openqa.selenium.remote.service.DriverCommandExecutor.execute(DriverCommandExecutor.java:83)
	at org.openqa.selenium.remote.RemoteWebDriver.execute(RemoteWebDriver.java:552)
	at org.openqa.selenium.remote.RemoteWebDriver.findElement(RemoteWebDriver.java:323)
	at org.openqa.selenium.remote.RemoteWebDriver.findElementByXPath(RemoteWebDriver.java:428)
	at org.openqa.selenium.By$ByXPath.findElement(By.java:353)
	at org.openqa.selenium.remote.RemoteWebDriver.findElement(RemoteWebDriver.java:315)
	at org.openqa.selenium.support.pagefactory.DefaultElementLocator.findElement(DefaultElementLocator.java:69)
	at org.openqa.selenium.support.pagefactory.internal.LocatingElementHandler.invoke(LocatingElementHandler.java:38)
	at com.sun.proxy.$Proxy22.isDisplayed(Unknown Source)
	at org.openqa.selenium.support.ui.ExpectedConditions.elementIfVisible(ExpectedConditions.java:314)
	at org.openqa.selenium.support.ui.ExpectedConditions.access$000(ExpectedConditions.java:43)
	at org.openqa.selenium.support.ui.ExpectedConditions$10.apply(ExpectedConditions.java:300)
	at org.openqa.selenium.support.ui.ExpectedConditions$10.apply(ExpectedConditions.java:297)
	at org.openqa.selenium.support.ui.FluentWait.until(FluentWait.java:249)
	... 32 more
... Removed 33 stack frames
</div> <!-- stack-trace -->
                </div> <!-- method-content -->
              </div> <!-- method -->
            </div> <!-- main-panel-content rounded-window-bottom -->
          </div> <!-- suite-FunctionalSuite-class-failed -->
          <div class="suite-FunctionalSuite-class-failed">
            <div class="main-panel-header rounded-window-top">
              <img src="failed.png"/>
              <span class="class-name">testCases.Tc004_contextMenu</span>
            </div> <!-- main-panel-header rounded-window-top -->
            <div class="main-panel-content rounded-window-bottom">
              <div class="method">
                <div class="method-content">
                  <a name="contextMenu">
                  </a> <!-- contextMenu -->
                  <span class="method-name">contextMenu</span>
                  <div class="stack-trace">org.openqa.selenium.UnhandledAlertException: unexpected alert open: {Alert text : You selected a context menu}
  (Session info: chrome=110.0.5481.104): You selected a context menu
Build info: version: &apos;3.141.59&apos;, revision: &apos;e82be7d358&apos;, time: &apos;2018-11-14T08:17:03&apos;
System info: host: &apos;DESKTOP-Q3OL5F5&apos;, ip: &apos;192.168.2.19&apos;, os.name: &apos;Windows 11&apos;, os.arch: &apos;x86&apos;, os.version: &apos;10.0&apos;, java.version: &apos;1.8.0_341&apos;
Driver info: org.openqa.selenium.chrome.ChromeDriver
Capabilities {acceptInsecureCerts: false, browserName: chrome, browserVersion: 110.0.5481.104, chrome: {chromedriverVersion: 110.0.5481.77 (65ed616c6e8e..., userDataDir: C:\Users\rarav\AppData\Loca...}, goog:chromeOptions: {debuggerAddress: localhost:62150}, javascriptEnabled: true, networkConnectionEnabled: false, pageLoadStrategy: normal, platform: WINDOWS, platformName: WINDOWS, proxy: Proxy(), setWindowRect: true, strictFileInteractability: false, timeouts: {implicit: 0, pageLoad: 300000, script: 30000}, unhandledPromptBehavior: dismiss and notify, webauthn:extension:credBlob: true, webauthn:extension:largeBlob: true, webauthn:virtualAuthenticators: true}
Session ID: 80b9a61507ca5336eb68a24f49224cea
	at org.openqa.selenium.remote.http.W3CHttpResponseCodec.decode(W3CHttpResponseCodec.java:120)
	at org.openqa.selenium.remote.http.W3CHttpResponseCodec.decode(W3CHttpResponseCodec.java:49)
	at org.openqa.selenium.remote.HttpCommandExecutor.execute(HttpCommandExecutor.java:158)
	at org.openqa.selenium.remote.service.DriverCommandExecutor.execute(DriverCommandExecutor.java:83)
	at org.openqa.selenium.remote.RemoteWebDriver.execute(RemoteWebDriver.java:552)
	at org.openqa.selenium.remote.RemoteWebDriver.execute(RemoteWebDriver.java:609)
	at org.openqa.selenium.remote.RemoteWebDriver.getScreenshotAs(RemoteWebDriver.java:295)
	at baseClass.baseutils.captureSrceenshot(baseutils.java:50)
	at testCases.Tc004_contextMenu.contextMenu(Tc004_contextMenu.java:33)
... Removed 29 stack frames
</div> <!-- stack-trace -->
                </div> <!-- method-content -->
              </div> <!-- method -->
            </div> <!-- main-panel-content rounded-window-bottom -->
          </div> <!-- suite-FunctionalSuite-class-failed -->
          <div class="suite-FunctionalSuite-class-passed">
            <div class="main-panel-header rounded-window-top">
              <img src="passed.png"/>
              <span class="class-name">testCases.Tc012_FloatingMenuTest</span>
            </div> <!-- main-panel-header rounded-window-top -->
            <div class="main-panel-content rounded-window-bottom">
              <div class="method">
                <div class="method-content">
                  <a name="FloatingMenuTest">
                  </a> <!-- FloatingMenuTest -->
                  <span class="method-name">FloatingMenuTest</span>
                </div> <!-- method-content -->
              </div> <!-- method -->
            </div> <!-- main-panel-content rounded-window-bottom -->
          </div> <!-- suite-FunctionalSuite-class-passed -->
          <div class="suite-FunctionalSuite-class-passed">
            <div class="main-panel-header rounded-window-top">
              <img src="passed.png"/>
              <span class="class-name">testCases.Tc006_DropDownTest</span>
            </div> <!-- main-panel-header rounded-window-top -->
            <div class="main-panel-content rounded-window-bottom">
              <div class="method">
                <div class="method-content">
                  <a name="DropDownTest">
                  </a> <!-- DropDownTest -->
                  <span class="method-name">DropDownTest</span>
                </div> <!-- method-content -->
              </div> <!-- method -->
            </div> <!-- main-panel-content rounded-window-bottom -->
          </div> <!-- suite-FunctionalSuite-class-passed -->
          <div class="suite-FunctionalSuite-class-passed">
            <div class="main-panel-header rounded-window-top">
              <img src="passed.png"/>
              <span class="class-name">testCases.Tc018_NotificationMessageTest</span>
            </div> <!-- main-panel-header rounded-window-top -->
            <div class="main-panel-content rounded-window-bottom">
              <div class="method">
                <div class="method-content">
                  <a name="NotificationMessageTest">
                  </a> <!-- NotificationMessageTest -->
                  <span class="method-name">NotificationMessageTest</span>
                </div> <!-- method-content -->
              </div> <!-- method -->
            </div> <!-- main-panel-content rounded-window-bottom -->
          </div> <!-- suite-FunctionalSuite-class-passed -->
          <div class="suite-FunctionalSuite-class-passed">
            <div class="main-panel-header rounded-window-top">
              <img src="passed.png"/>
              <span class="class-name">testCases.Tc014_MouseHoverTest</span>
            </div> <!-- main-panel-header rounded-window-top -->
            <div class="main-panel-content rounded-window-bottom">
              <div class="method">
                <div class="method-content">
                  <a name="MouseHoverTest">
                  </a> <!-- MouseHoverTest -->
                  <span class="method-name">MouseHoverTest</span>
                </div> <!-- method-content -->
              </div> <!-- method -->
            </div> <!-- main-panel-content rounded-window-bottom -->
          </div> <!-- suite-FunctionalSuite-class-passed -->
          <div class="suite-FunctionalSuite-class-passed">
            <div class="main-panel-header rounded-window-top">
              <img src="passed.png"/>
              <span class="class-name">testCases.Tc003_Checkboxes</span>
            </div> <!-- main-panel-header rounded-window-top -->
            <div class="main-panel-content rounded-window-bottom">
              <div class="method">
                <div class="method-content">
                  <a name="checkbox">
                  </a> <!-- checkbox -->
                  <span class="method-name">checkbox</span>
                </div> <!-- method-content -->
              </div> <!-- method -->
            </div> <!-- main-panel-content rounded-window-bottom -->
          </div> <!-- suite-FunctionalSuite-class-passed -->
          <div class="suite-FunctionalSuite-class-passed">
            <div class="main-panel-header rounded-window-top">
              <img src="passed.png"/>
              <span class="class-name">testCases.Tc015_JavaScriptAlertsTest</span>
            </div> <!-- main-panel-header rounded-window-top -->
            <div class="main-panel-content rounded-window-bottom">
              <div class="method">
                <div class="method-content">
                  <a name="JavaScriptAlertsTest">
                  </a> <!-- JavaScriptAlertsTest -->
                  <span class="method-name">JavaScriptAlertsTest</span>
                </div> <!-- method-content -->
              </div> <!-- method -->
            </div> <!-- main-panel-content rounded-window-bottom -->
          </div> <!-- suite-FunctionalSuite-class-passed -->
          <div class="suite-FunctionalSuite-class-passed">
            <div class="main-panel-header rounded-window-top">
              <img src="passed.png"/>
              <span class="class-name">testCases.Tc001_LoginSuccess</span>
            </div> <!-- main-panel-header rounded-window-top -->
            <div class="main-panel-content rounded-window-bottom">
              <div class="method">
                <div class="method-content">
                  <a name="LoginSuccess">
                  </a> <!-- LoginSuccess -->
                  <span class="method-name">LoginSuccess</span>
                </div> <!-- method-content -->
              </div> <!-- method -->
            </div> <!-- main-panel-content rounded-window-bottom -->
          </div> <!-- suite-FunctionalSuite-class-passed -->
          <div class="suite-FunctionalSuite-class-passed">
            <div class="main-panel-header rounded-window-top">
              <img src="passed.png"/>
              <span class="class-name">testCases.Tc011_FileUploadTest</span>
            </div> <!-- main-panel-header rounded-window-top -->
            <div class="main-panel-content rounded-window-bottom">
              <div class="method">
                <div class="method-content">
                  <a name="FileUploadTest">
                  </a> <!-- FileUploadTest -->
                  <span class="method-name">FileUploadTest</span>
                </div> <!-- method-content -->
              </div> <!-- method -->
            </div> <!-- main-panel-content rounded-window-bottom -->
          </div> <!-- suite-FunctionalSuite-class-passed -->
          <div class="suite-FunctionalSuite-class-passed">
            <div class="main-panel-header rounded-window-top">
              <img src="passed.png"/>
              <span class="class-name">testCases.Tc010_FileDownloaderTest</span>
            </div> <!-- main-panel-header rounded-window-top -->
            <div class="main-panel-content rounded-window-bottom">
              <div class="method">
                <div class="method-content">
                  <a name="FileDownloaderTest">
                  </a> <!-- FileDownloaderTest -->
                  <span class="method-name">FileDownloaderTest</span>
                </div> <!-- method-content -->
              </div> <!-- method -->
            </div> <!-- main-panel-content rounded-window-bottom -->
          </div> <!-- suite-FunctionalSuite-class-passed -->
          <div class="suite-FunctionalSuite-class-passed">
            <div class="main-panel-header rounded-window-top">
              <img src="passed.png"/>
              <span class="class-name">testCases.Tc008_DynamicControlTest</span>
            </div> <!-- main-panel-header rounded-window-top -->
            <div class="main-panel-content rounded-window-bottom">
              <div class="method">
                <div class="method-content">
                  <a name="DynamicControlRemoveAdd">
                  </a> <!-- DynamicControlRemoveAdd -->
                  <span class="method-name">DynamicControlRemoveAdd</span>
                </div> <!-- method-content -->
              </div> <!-- method -->
            </div> <!-- main-panel-content rounded-window-bottom -->
          </div> <!-- suite-FunctionalSuite-class-passed -->
          <div class="suite-FunctionalSuite-class-passed">
            <div class="main-panel-header rounded-window-top">
              <img src="passed.png"/>
              <span class="class-name">testCases.Tc013_iframeTest</span>
            </div> <!-- main-panel-header rounded-window-top -->
            <div class="main-panel-content rounded-window-bottom">
              <div class="method">
                <div class="method-content">
                  <a name="iframeTest">
                  </a> <!-- iframeTest -->
                  <span class="method-name">iframeTest</span>
                </div> <!-- method-content -->
              </div> <!-- method -->
            </div> <!-- main-panel-content rounded-window-bottom -->
          </div> <!-- suite-FunctionalSuite-class-passed -->
          <div class="suite-FunctionalSuite-class-passed">
            <div class="main-panel-header rounded-window-top">
              <img src="passed.png"/>
              <span class="class-name">testCases.Tc017_windowsTest</span>
            </div> <!-- main-panel-header rounded-window-top -->
            <div class="main-panel-content rounded-window-bottom">
              <div class="method">
                <div class="method-content">
                  <a name="windowsTest">
                  </a> <!-- windowsTest -->
                  <span class="method-name">windowsTest</span>
                </div> <!-- method-content -->
              </div> <!-- method -->
            </div> <!-- main-panel-content rounded-window-bottom -->
          </div> <!-- suite-FunctionalSuite-class-passed -->
          <div class="suite-FunctionalSuite-class-passed">
            <div class="main-panel-header rounded-window-top">
              <img src="passed.png"/>
              <span class="class-name">testCases.Tc005_dragDropTest</span>
            </div> <!-- main-panel-header rounded-window-top -->
            <div class="main-panel-content rounded-window-bottom">
              <div class="method">
                <div class="method-content">
                  <a name="dragDropTest">
                  </a> <!-- dragDropTest -->
                  <span class="method-name">dragDropTest</span>
                </div> <!-- method-content -->
              </div> <!-- method -->
            </div> <!-- main-panel-content rounded-window-bottom -->
          </div> <!-- suite-FunctionalSuite-class-passed -->
          <div class="suite-FunctionalSuite-class-passed">
            <div class="main-panel-header rounded-window-top">
              <img src="passed.png"/>
              <span class="class-name">testCases.Tc002_LoginFailure</span>
            </div> <!-- main-panel-header rounded-window-top -->
            <div class="main-panel-content rounded-window-bottom">
              <div class="method">
                <div class="method-content">
                  <a name="LoginFailure">
                  </a> <!-- LoginFailure -->
                  <span class="method-name">LoginFailure</span>
                </div> <!-- method-content -->
              </div> <!-- method -->
            </div> <!-- main-panel-content rounded-window-bottom -->
          </div> <!-- suite-FunctionalSuite-class-passed -->
        </div> <!-- panel FunctionalSuite -->
        <div panel-name="test-xml-FunctionalSuite" class="panel">
          <div class="main-panel-header rounded-window-top">
            <span class="header-content">C:\Users\rarav\eclipse-workspace\dotdashcom_Assessment\testng.xml</span>
          </div> <!-- main-panel-header rounded-window-top -->
          <div class="main-panel-content rounded-window-bottom">
            <pre>
&lt;?xml version=&quot;1.0&quot; encoding=&quot;UTF-8&quot;?&gt;
&lt;!DOCTYPE suite SYSTEM &quot;http://testng.org/testng-1.0.dtd&quot;&gt;
&lt;suite guice-stage=&quot;DEVELOPMENT&quot; verbose=&quot;0&quot; name=&quot;FunctionalSuite&quot;&gt;
  &lt;listeners&gt;
    &lt;listener class-name=&quot;utilities.ExtentReportManager&quot;/&gt;
  &lt;/listeners&gt;
  &lt;test thread-count=&quot;5&quot; verbose=&quot;0&quot; name=&quot;Test&quot;&gt;
    &lt;classes&gt;
      &lt;class name=&quot;testCases.Tc001_LoginSuccess&quot;/&gt;
      &lt;class name=&quot;testCases.Tc002_LoginFailure&quot;/&gt;
      &lt;class name=&quot;testCases.Tc003_Checkboxes&quot;/&gt;
      &lt;class name=&quot;testCases.Tc004_contextMenu&quot;/&gt;
      &lt;class name=&quot;testCases.Tc005_dragDropTest&quot;/&gt;
      &lt;class name=&quot;testCases.Tc006_DropDownTest&quot;/&gt;
      &lt;class name=&quot;testCases.Tc007_DynamicContentTest&quot;/&gt;
      &lt;class name=&quot;testCases.Tc008_DynamicControlTest&quot;/&gt;
      &lt;class name=&quot;testCases.Tc009_DynamicLoadTest&quot;/&gt;
      &lt;class name=&quot;testCases.Tc010_FileDownloaderTest&quot;/&gt;
      &lt;class name=&quot;testCases.Tc011_FileUploadTest&quot;/&gt;
      &lt;class name=&quot;testCases.Tc012_FloatingMenuTest&quot;/&gt;
      &lt;class name=&quot;testCases.Tc013_iframeTest&quot;/&gt;
      &lt;class name=&quot;testCases.Tc014_MouseHoverTest&quot;/&gt;
      &lt;class name=&quot;testCases.Tc015_JavaScriptAlertsTest&quot;/&gt;
      &lt;class name=&quot;testCases.Tc016_JavaSriptErrorTest&quot;/&gt;
      &lt;class name=&quot;testCases.Tc017_windowsTest&quot;/&gt;
      &lt;class name=&quot;testCases.Tc018_NotificationMessageTest&quot;/&gt;
    &lt;/classes&gt;
  &lt;/test&gt; &lt;!-- Test --&gt;
&lt;/suite&gt; &lt;!-- FunctionalSuite --&gt;
            </pre>
          </div> <!-- main-panel-content rounded-window-bottom -->
        </div> <!-- panel -->
        <div panel-name="testlist-FunctionalSuite" class="panel">
          <div class="main-panel-header rounded-window-top">
            <span class="header-content">Tests for FunctionalSuite</span>
          </div> <!-- main-panel-header rounded-window-top -->
          <div class="main-panel-content rounded-window-bottom">
            <ul>
              <li>
                <span class="test-name">Test (18 classes)</span>
              </li>
            </ul>
          </div> <!-- main-panel-content rounded-window-bottom -->
        </div> <!-- panel -->
        <div panel-name="group-FunctionalSuite" class="panel">
          <div class="main-panel-header rounded-window-top">
            <span class="header-content">Groups for FunctionalSuite</span>
          </div> <!-- main-panel-header rounded-window-top -->
          <div class="main-panel-content rounded-window-bottom">
          </div> <!-- main-panel-content rounded-window-bottom -->
        </div> <!-- panel -->
        <div panel-name="times-FunctionalSuite" class="panel">
          <div class="main-panel-header rounded-window-top">
            <span class="header-content">Times for FunctionalSuite</span>
          </div> <!-- main-panel-header rounded-window-top -->
          <div class="main-panel-content rounded-window-bottom">
            <div class="times-div">
              <script type="text/javascript">
suiteTableInitFunctions.push('tableData_FunctionalSuite');
function tableData_FunctionalSuite() {
var data = new google.visualization.DataTable();
data.addColumn('number', 'Number');
data.addColumn('string', 'Method');
data.addColumn('string', 'Class');
data.addColumn('number', 'Time (ms)');
data.addRows(18);
data.setCell(0, 0, 0)
data.setCell(0, 1, 'DynamicLoadTest')
data.setCell(0, 2, 'testCases.Tc009_DynamicLoadTest')
data.setCell(0, 3, 41749);
data.setCell(1, 0, 1)
data.setCell(1, 1, 'DynamicControlRemoveAdd')
data.setCell(1, 2, 'testCases.Tc008_DynamicControlTest')
data.setCell(1, 3, 16921);
data.setCell(2, 0, 2)
data.setCell(2, 1, 'DropDownTest')
data.setCell(2, 2, 'testCases.Tc006_DropDownTest')
data.setCell(2, 3, 5841);
data.setCell(3, 0, 3)
data.setCell(3, 1, 'JavaScriptAlertsTest')
data.setCell(3, 2, 'testCases.Tc015_JavaScriptAlertsTest')
data.setCell(3, 3, 5096);
data.setCell(4, 0, 4)
data.setCell(4, 1, 'dragDropTest')
data.setCell(4, 2, 'testCases.Tc005_dragDropTest')
data.setCell(4, 3, 4112);
data.setCell(5, 0, 5)
data.setCell(5, 1, 'DynamicContentTest1')
data.setCell(5, 2, 'testCases.Tc007_DynamicContentTest')
data.setCell(5, 3, 3680);
data.setCell(6, 0, 6)
data.setCell(6, 1, 'NotificationMessageTest')
data.setCell(6, 2, 'testCases.Tc018_NotificationMessageTest')
data.setCell(6, 3, 2003);
data.setCell(7, 0, 7)
data.setCell(7, 1, 'MouseHoverTest')
data.setCell(7, 2, 'testCases.Tc014_MouseHoverTest')
data.setCell(7, 3, 1156);
data.setCell(8, 0, 8)
data.setCell(8, 1, 'LoginFailure')
data.setCell(8, 2, 'testCases.Tc002_LoginFailure')
data.setCell(8, 3, 967);
data.setCell(9, 0, 9)
data.setCell(9, 1, 'LoginSuccess')
data.setCell(9, 2, 'testCases.Tc001_LoginSuccess')
data.setCell(9, 3, 933);
data.setCell(10, 0, 10)
data.setCell(10, 1, 'iframeTest')
data.setCell(10, 2, 'testCases.Tc013_iframeTest')
data.setCell(10, 3, 829);
data.setCell(11, 0, 11)
data.setCell(11, 1, 'FloatingMenuTest')
data.setCell(11, 2, 'testCases.Tc012_FloatingMenuTest')
data.setCell(11, 3, 783);
data.setCell(12, 0, 12)
data.setCell(12, 1, 'windowsTest')
data.setCell(12, 2, 'testCases.Tc017_windowsTest')
data.setCell(12, 3, 697);
data.setCell(13, 0, 13)
data.setCell(13, 1, 'FileUploadTest')
data.setCell(13, 2, 'testCases.Tc011_FileUploadTest')
data.setCell(13, 3, 694);
data.setCell(14, 0, 14)
data.setCell(14, 1, 'FileDownloaderTest')
data.setCell(14, 2, 'testCases.Tc010_FileDownloaderTest')
data.setCell(14, 3, 536);
data.setCell(15, 0, 15)
data.setCell(15, 1, 'checkbox')
data.setCell(15, 2, 'testCases.Tc003_Checkboxes')
data.setCell(15, 3, 498);
data.setCell(16, 0, 16)
data.setCell(16, 1, 'contextMenu')
data.setCell(16, 2, 'testCases.Tc004_contextMenu')
data.setCell(16, 3, 221);
data.setCell(17, 0, 17)
data.setCell(17, 1, 'JavaSriptErrorTest')
data.setCell(17, 2, 'testCases.Tc016_JavaSriptErrorTest')
data.setCell(17, 3, 130);
window.suiteTableData['FunctionalSuite']= { tableData: data, tableDiv: 'times-div-FunctionalSuite'}
return data;
}
              </script>
              <span class="suite-total-time">Total running time: 1 minutes</span>
              <div id="times-div-FunctionalSuite">
              </div> <!-- times-div-FunctionalSuite -->
            </div> <!-- times-div -->
          </div> <!-- main-panel-content rounded-window-bottom -->
        </div> <!-- panel -->
        <div panel-name="reporter-FunctionalSuite" class="panel">
          <div class="main-panel-header rounded-window-top">
            <span class="header-content">Reporter output for FunctionalSuite</span>
          </div> <!-- main-panel-header rounded-window-top -->
          <div class="main-panel-content rounded-window-bottom">
          </div> <!-- main-panel-content rounded-window-bottom -->
        </div> <!-- panel -->
        <div panel-name="ignored-methods-FunctionalSuite" class="panel">
          <div class="main-panel-header rounded-window-top">
            <span class="header-content">0 ignored methods</span>
          </div> <!-- main-panel-header rounded-window-top -->
          <div class="main-panel-content rounded-window-bottom">
          </div> <!-- main-panel-content rounded-window-bottom -->
        </div> <!-- panel -->
        <div panel-name="chronological-FunctionalSuite" class="panel">
          <div class="main-panel-header rounded-window-top">
            <span class="header-content">Methods in chronological order</span>
          </div> <!-- main-panel-header rounded-window-top -->
          <div class="main-panel-content rounded-window-bottom">
            <div class="chronological-class">
              <div class="chronological-class-name">testCases.Tc001_LoginSuccess</div> <!-- chronological-class-name -->
              <div class="configuration-class before">
                <span class="method-name">setup</span>
                <span class="method-start">0 ms</span>
              </div> <!-- configuration-class before -->
              <div class="test-method">
                <span class="method-name">LoginSuccess</span>
                <span class="method-start">4057 ms</span>
              </div> <!-- test-method -->
            </div> <!-- chronological-class -->
            <div class="chronological-class">
              <div class="chronological-class-name">testCases.Tc002_LoginFailure</div> <!-- chronological-class-name -->
              <div class="configuration-class before">
                <span class="method-name">setup</span>
                <span class="method-start">4998 ms</span>
              </div> <!-- configuration-class before -->
              <div class="test-method">
                <span class="method-name">LoginFailure</span>
                <span class="method-start">7506 ms</span>
              </div> <!-- test-method -->
            </div> <!-- chronological-class -->
            <div class="chronological-class">
              <div class="chronological-class-name">testCases.Tc003_Checkboxes</div> <!-- chronological-class-name -->
              <div class="configuration-class before">
                <span class="method-name">setup</span>
                <span class="method-start">8473 ms</span>
              </div> <!-- configuration-class before -->
              <div class="test-method">
                <span class="method-name">checkbox</span>
                <span class="method-start">10846 ms</span>
              </div> <!-- test-method -->
            </div> <!-- chronological-class -->
            <div class="chronological-class">
              <div class="chronological-class-name">testCases.Tc004_contextMenu</div> <!-- chronological-class-name -->
              <div class="configuration-class before">
                <span class="method-name">setup</span>
                <span class="method-start">11345 ms</span>
              </div> <!-- configuration-class before -->
              <div class="test-method">
                <img src="failed.png">
                </img>
                <span class="method-name">contextMenu</span>
                <span class="method-start">14385 ms</span>
              </div> <!-- test-method -->
            </div> <!-- chronological-class -->
            <div class="chronological-class">
              <div class="chronological-class-name">testCases.Tc005_dragDropTest</div> <!-- chronological-class-name -->
              <div class="configuration-class before">
                <span class="method-name">setup</span>
                <span class="method-start">14616 ms</span>
              </div> <!-- configuration-class before -->
              <div class="test-method">
                <span class="method-name">dragDropTest</span>
                <span class="method-start">17133 ms</span>
              </div> <!-- test-method -->
            </div> <!-- chronological-class -->
            <div class="chronological-class">
              <div class="chronological-class-name">testCases.Tc006_DropDownTest</div> <!-- chronological-class-name -->
              <div class="configuration-class before">
                <span class="method-name">setup</span>
                <span class="method-start">21245 ms</span>
              </div> <!-- configuration-class before -->
              <div class="test-method">
                <span class="method-name">DropDownTest</span>
                <span class="method-start">24149 ms</span>
              </div> <!-- test-method -->
            </div> <!-- chronological-class -->
            <div class="chronological-class">
              <div class="chronological-class-name">testCases.Tc007_DynamicContentTest</div> <!-- chronological-class-name -->
              <div class="configuration-class before">
                <span class="method-name">setup</span>
                <span class="method-start">29990 ms</span>
              </div> <!-- configuration-class before -->
              <div class="test-method">
                <img src="failed.png">
                </img>
                <span class="method-name">DynamicContentTest1</span>
                <span class="method-start">34978 ms</span>
              </div> <!-- test-method -->
            </div> <!-- chronological-class -->
            <div class="chronological-class">
              <div class="chronological-class-name">testCases.Tc008_DynamicControlTest</div> <!-- chronological-class-name -->
              <div class="configuration-class before">
                <span class="method-name">setup</span>
                <span class="method-start">38659 ms</span>
              </div> <!-- configuration-class before -->
              <div class="test-method">
                <span class="method-name">DynamicControlRemoveAdd</span>
                <span class="method-start">42206 ms</span>
              </div> <!-- test-method -->
            </div> <!-- chronological-class -->
            <div class="chronological-class">
              <div class="chronological-class-name">testCases.Tc009_DynamicLoadTest</div> <!-- chronological-class-name -->
              <div class="configuration-class before">
                <span class="method-name">setup</span>
                <span class="method-start">59127 ms</span>
              </div> <!-- configuration-class before -->
              <div class="test-method">
                <img src="failed.png">
                </img>
                <span class="method-name">DynamicLoadTest</span>
                <span class="method-start">62193 ms</span>
              </div> <!-- test-method -->
            </div> <!-- chronological-class -->
            <div class="chronological-class">
              <div class="chronological-class-name">testCases.Tc010_FileDownloaderTest</div> <!-- chronological-class-name -->
              <div class="configuration-class before">
                <span class="method-name">setup</span>
                <span class="method-start">103942 ms</span>
              </div> <!-- configuration-class before -->
              <div class="test-method">
                <span class="method-name">FileDownloaderTest</span>
                <span class="method-start">106824 ms</span>
              </div> <!-- test-method -->
            </div> <!-- chronological-class -->
            <div class="chronological-class">
              <div class="chronological-class-name">testCases.Tc011_FileUploadTest</div> <!-- chronological-class-name -->
              <div class="configuration-class before">
                <span class="method-name">setup</span>
                <span class="method-start">107361 ms</span>
              </div> <!-- configuration-class before -->
              <div class="test-method">
                <span class="method-name">FileUploadTest</span>
                <span class="method-start">111940 ms</span>
              </div> <!-- test-method -->
            </div> <!-- chronological-class -->
            <div class="chronological-class">
              <div class="chronological-class-name">testCases.Tc012_FloatingMenuTest</div> <!-- chronological-class-name -->
              <div class="configuration-class before">
                <span class="method-name">setup</span>
                <span class="method-start">112636 ms</span>
              </div> <!-- configuration-class before -->
              <div class="test-method">
                <span class="method-name">FloatingMenuTest</span>
                <span class="method-start">115160 ms</span>
              </div> <!-- test-method -->
            </div> <!-- chronological-class -->
            <div class="chronological-class">
              <div class="chronological-class-name">testCases.Tc013_iframeTest</div> <!-- chronological-class-name -->
              <div class="configuration-class before">
                <span class="method-name">setup</span>
                <span class="method-start">115944 ms</span>
              </div> <!-- configuration-class before -->
              <div class="test-method">
                <span class="method-name">iframeTest</span>
                <span class="method-start">120112 ms</span>
              </div> <!-- test-method -->
            </div> <!-- chronological-class -->
            <div class="chronological-class">
              <div class="chronological-class-name">testCases.Tc014_MouseHoverTest</div> <!-- chronological-class-name -->
              <div class="configuration-class before">
                <span class="method-name">setup</span>
                <span class="method-start">120942 ms</span>
              </div> <!-- configuration-class before -->
              <div class="test-method">
                <span class="method-name">MouseHoverTest</span>
                <span class="method-start">123892 ms</span>
              </div> <!-- test-method -->
            </div> <!-- chronological-class -->
            <div class="chronological-class">
              <div class="chronological-class-name">testCases.Tc015_JavaScriptAlertsTest</div> <!-- chronological-class-name -->
              <div class="configuration-class before">
                <span class="method-name">setup</span>
                <span class="method-start">125048 ms</span>
              </div> <!-- configuration-class before -->
              <div class="test-method">
                <span class="method-name">JavaScriptAlertsTest</span>
                <span class="method-start">129099 ms</span>
              </div> <!-- test-method -->
            </div> <!-- chronological-class -->
            <div class="chronological-class">
              <div class="chronological-class-name">testCases.Tc016_JavaSriptErrorTest</div> <!-- chronological-class-name -->
              <div class="configuration-class before">
                <span class="method-name">setup</span>
                <span class="method-start">134197 ms</span>
              </div> <!-- configuration-class before -->
              <div class="test-method">
                <img src="failed.png">
                </img>
                <span class="method-name">JavaSriptErrorTest</span>
                <span class="method-start">139500 ms</span>
              </div> <!-- test-method -->
            </div> <!-- chronological-class -->
            <div class="chronological-class">
              <div class="chronological-class-name">testCases.Tc017_windowsTest</div> <!-- chronological-class-name -->
              <div class="configuration-class before">
                <span class="method-name">setup</span>
                <span class="method-start">139630 ms</span>
              </div> <!-- configuration-class before -->
              <div class="test-method">
                <span class="method-name">windowsTest</span>
                <span class="method-start">146220 ms</span>
              </div> <!-- test-method -->
            </div> <!-- chronological-class -->
            <div class="chronological-class">
              <div class="chronological-class-name">testCases.Tc018_NotificationMessageTest</div> <!-- chronological-class-name -->
              <div class="configuration-class before">
                <span class="method-name">setup</span>
                <span class="method-start">146923 ms</span>
              </div> <!-- configuration-class before -->
              <div class="test-method">
                <span class="method-name">NotificationMessageTest</span>
                <span class="method-start">150314 ms</span>
              </div> <!-- test-method -->
          </div> <!-- main-panel-content rounded-window-bottom -->
        </div> <!-- panel -->
      </div> <!-- main-panel-root -->
    </div> <!-- wrapper -->
  </body>
</html>
